#
# There is insufficient memory for the Java Runtime Environment to continue.
# Native memory allocation (malloc) failed to allocate 72480 bytes for Chunk::new
# Possible reasons:
#   The system is out of physical RAM or swap space
#   The process is running with CompressedOops enabled, and the Java Heap may be blocking the growth of the native heap
# Possible solutions:
#   Reduce memory load on the system
#   Increase physical memory or swap space
#   Check if swap backing store is full
#   Decrease Java heap size (-Xmx/-Xms)
#   Decrease number of Java threads
#   Decrease Java thread stack sizes (-Xss)
#   Set larger code cache with -XX:ReservedCodeCacheSize=
#   JVM is running with Unscaled Compressed Oops mode in which the Java heap is
#     placed in the first 4GB address space. The Java Heap base address is the
#     maximum limit for the native heap growth. Please use -XX:HeapBaseMinAddress
#     to set the Java Heap base and to place the Java Heap above 4GB virtual address.
# This output file may be truncated or incomplete.
#
#  Out of Memory Error (allocation.cpp:389), pid=1732, tid=0x0000000000000410
#
# JRE version: Java(TM) SE Runtime Environment (8.0_251-b08) (build 1.8.0_251-b08)
# Java VM: Java HotSpot(TM) 64-Bit Server VM (25.251-b08 mixed mode windows-amd64 compressed oops)
# Failed to write core dump. Minidumps are not enabled by default on client versions of Windows
#

---------------  T H R E A D  ---------------

Current thread (0x000000001a165800):  JavaThread "C2 CompilerThread1" daemon [_thread_in_native, id=1040, stack(0x000000001ab00000,0x000000001ac00000)]

Stack: [0x000000001ab00000,0x000000001ac00000]
[error occurred during error reporting (printing stack bounds), id 0xc0000005]

Native frames: (J=compiled Java code, j=interpreted, Vv=VM code, C=native code)


Current CompileTask:
C2:  15480 2562       4       com.sun.jna.Function::invoke (769 bytes)


---------------  P R O C E S S  ---------------

Java Threads: ( => current thread )
  0x000000001a221000 JavaThread "Service Thread" daemon [_thread_blocked, id=6368, stack(0x000000001ae00000,0x000000001af00000)]
  0x000000001a18b000 JavaThread "C1 CompilerThread3" daemon [_thread_blocked, id=6396, stack(0x000000001ad00000,0x000000001ae00000)]
  0x000000001a172000 JavaThread "C2 CompilerThread2" daemon [_thread_in_native, id=1644, stack(0x000000001ac00000,0x000000001ad00000)]
=>0x000000001a165800 JavaThread "C2 CompilerThread1" daemon [_thread_in_native, id=1040, stack(0x000000001ab00000,0x000000001ac00000)]
  0x000000001a162800 JavaThread "C2 CompilerThread0" daemon [_thread_in_native, id=7264, stack(0x000000001aa00000,0x000000001ab00000)]
  0x0000000019cfe000 JavaThread "Monitor Ctrl-Break" daemon [_thread_in_native, id=3836, stack(0x000000001a900000,0x000000001aa00000)]
  0x000000001993a000 JavaThread "Attach Listener" daemon [_thread_blocked, id=9160, stack(0x000000001a000000,0x000000001a100000)]
  0x0000000019939000 JavaThread "Signal Dispatcher" daemon [_thread_blocked, id=8400, stack(0x0000000019f00000,0x000000001a000000)]
  0x0000000002acc000 JavaThread "Finalizer" daemon [_thread_blocked, id=8404, stack(0x0000000019e00000,0x0000000019f00000)]
  0x0000000019920800 JavaThread "Reference Handler" daemon [_thread_blocked, id=1376, stack(0x0000000019d00000,0x0000000019e00000)]
  0x00000000028bd000 JavaThread "main" [_thread_in_Java, id=6496, stack(0x00000000026d0000,0x00000000027d0000)]

Other Threads:
  0x0000000017b19800 VMThread [stack: 0x0000000019800000,0x0000000019900000] [id=3904]
  0x000000001a2cf800 WatcherThread [stack: 0x000000001af00000,0x000000001b000000] [id=2700]

VM state:not at safepoint (normal execution)

VM Mutex/Monitor currently owned by a thread: None

heap address: 0x0000000080200000, size: 2046 MB, Compressed Oops mode: 32-bit
Narrow klass base: 0x0000000000000000, Narrow klass shift: 3
Compressed class space size: 1073741824 Address: 0x0000000100000000

Heap:
 PSYoungGen      total 194048K, used 129624K [0x00000000d5600000, 0x00000000e4d00000, 0x0000000100000000)
  eden space 155136K, 60% used [0x00000000d5600000,0x00000000db1163d0,0x00000000ded80000)
  from space 38912K, 93% used [0x00000000e1980000,0x00000000e3d00010,0x00000000e3f80000)
  to   space 45056K, 0% used [0x00000000ded80000,0x00000000ded80000,0x00000000e1980000)
 ParOldGen       total 78848K, used 48987K [0x0000000080200000, 0x0000000084f00000, 0x00000000d5600000)
  object space 78848K, 62% used [0x0000000080200000,0x00000000831d6f68,0x0000000084f00000)
 Metaspace       used 15157K, capacity 15626K, committed 15744K, reserved 1062912K
  class space    used 1713K, capacity 1803K, committed 1920K, reserved 1048576K

Card table byte_map: [0x0000000011e90000,0x0000000012290000] byte_map_base: 0x0000000011a8f000

Marking Bits: (ParMarkBitMap*) 0x000000005c9caf90
 Begin Bits: [0x0000000012d40000, 0x0000000014d38000)
 End Bits:   [0x0000000014d38000, 0x0000000016d30000)

Polling page: 0x0000000002320000

CodeCache: size=245760Kb used=7694Kb max_used=8469Kb free=238065Kb
 bounds [0x0000000002ad0000, 0x0000000003320000, 0x0000000011ad0000]
 total_blobs=2792 nmethods=2313 adapters=391
 compilation: enabled

Compilation events (10 events):
Event: 15.454 Thread 0x000000001a172000 2558   !   4       com.sun.proxy.$Proxy0::MXNDArrayWaitToRead (39 bytes)
Event: 15.454 Thread 0x000000001a165800 2559   !   4       com.sun.proxy.$Proxy0::MXNDArrayFree (39 bytes)
Event: 15.456 Thread 0x000000001a172000 nmethod 2558 0x0000000002ed6010 code [0x0000000002ed6180, 0x0000000002ed63a8]
Event: 15.457 Thread 0x000000001a165800 nmethod 2559 0x0000000002bf0850 code [0x0000000002bf09c0, 0x0000000002bf0be8]
Event: 15.458 Thread 0x000000001a162800 2560       4       java.util.concurrent.ConcurrentHashMap$BaseIterator::hasNext (13 bytes)
Event: 15.458 Thread 0x000000001a162800 nmethod 2560 0x0000000002f88790 code [0x0000000002f888c0, 0x0000000002f88938]
Event: 15.464 Thread 0x000000001a172000 2561       4       java.util.concurrent.ConcurrentHashMap$ValueIterator::next (34 bytes)
Event: 15.467 Thread 0x000000001a165800 2562       4       com.sun.jna.Function::invoke (769 bytes)
Event: 15.467 Thread 0x000000001a162800 2563       4       com.sun.jna.Function::invoke (548 bytes)
Event: 15.468 Thread 0x000000001a172000 nmethod 2561 0x0000000003067250 code [0x00000000030673a0, 0x00000000030675b8]

GC Heap History (10 events):
Event: 5.533 GC heap before
{Heap before GC invocations=5 (full 1):
 PSYoungGen      total 38400K, used 33280K [0x00000000d5600000, 0x00000000d9c80000, 0x0000000100000000)
  eden space 33280K, 100% used [0x00000000d5600000,0x00000000d7680000,0x00000000d7680000)
  from space 5120K, 0% used [0x00000000d7680000,0x00000000d7680000,0x00000000d7b80000)
  to   space 5120K, 0% used [0x00000000d9780000,0x00000000d9780000,0x00000000d9c80000)
 ParOldGen       total 78848K, used 14898K [0x0000000080200000, 0x0000000084f00000, 0x00000000d5600000)
  object space 78848K, 18% used [0x0000000080200000,0x000000008108cbc8,0x0000000084f00000)
 Metaspace       used 14996K, capacity 15418K, committed 15744K, reserved 1062912K
  class space    used 1710K, capacity 1801K, committed 1920K, reserved 1048576K
Event: 5.547 GC heap after
Heap after GC invocations=5 (full 1):
 PSYoungGen      total 60416K, used 5108K [0x00000000d5600000, 0x00000000d9c80000, 0x0000000100000000)
  eden space 55296K, 0% used [0x00000000d5600000,0x00000000d5600000,0x00000000d8c00000)
  from space 5120K, 99% used [0x00000000d9780000,0x00000000d9c7d320,0x00000000d9c80000)
  to   space 5120K, 0% used [0x00000000d9280000,0x00000000d9280000,0x00000000d9780000)
 ParOldGen       total 78848K, used 25162K [0x0000000080200000, 0x0000000084f00000, 0x00000000d5600000)
  object space 78848K, 31% used [0x0000000080200000,0x0000000081a92bd8,0x0000000084f00000)
 Metaspace       used 14996K, capacity 15418K, committed 15744K, reserved 1062912K
  class space    used 1710K, capacity 1801K, committed 1920K, reserved 1048576K
}
Event: 7.043 GC heap before
{Heap before GC invocations=6 (full 1):
 PSYoungGen      total 60416K, used 60404K [0x00000000d5600000, 0x00000000d9c80000, 0x0000000100000000)
  eden space 55296K, 100% used [0x00000000d5600000,0x00000000d8c00000,0x00000000d8c00000)
  from space 5120K, 99% used [0x00000000d9780000,0x00000000d9c7d320,0x00000000d9c80000)
  to   space 5120K, 0% used [0x00000000d9280000,0x00000000d9280000,0x00000000d9780000)
 ParOldGen       total 78848K, used 25162K [0x0000000080200000, 0x0000000084f00000, 0x00000000d5600000)
  object space 78848K, 31% used [0x0000000080200000,0x0000000081a92bd8,0x0000000084f00000)
 Metaspace       used 15020K, capacity 15424K, committed 15744K, reserved 1062912K
  class space    used 1711K, capacity 1802K, committed 1920K, reserved 1048576K
Event: 7.079 GC heap after
Heap after GC invocations=6 (full 1):
 PSYoungGen      total 67072K, used 5108K [0x00000000d5600000, 0x00000000de080000, 0x0000000100000000)
  eden space 61952K, 0% used [0x00000000d5600000,0x00000000d5600000,0x00000000d9280000)
  from space 5120K, 99% used [0x00000000d9280000,0x00000000d977d320,0x00000000d9780000)
  to   space 23552K, 0% used [0x00000000dc980000,0x00000000dc980000,0x00000000de080000)
 ParOldGen       total 78848K, used 40255K [0x0000000080200000, 0x0000000084f00000, 0x00000000d5600000)
  object space 78848K, 51% used [0x0000000080200000,0x000000008294fc58,0x0000000084f00000)
 Metaspace       used 15020K, capacity 15424K, committed 15744K, reserved 1062912K
  class space    used 1711K, capacity 1802K, committed 1920K, reserved 1048576K
}
Event: 8.562 GC heap before
{Heap before GC invocations=7 (full 1):
 PSYoungGen      total 67072K, used 67060K [0x00000000d5600000, 0x00000000de080000, 0x0000000100000000)
  eden space 61952K, 100% used [0x00000000d5600000,0x00000000d9280000,0x00000000d9280000)
  from space 5120K, 99% used [0x00000000d9280000,0x00000000d977d320,0x00000000d9780000)
  to   space 23552K, 0% used [0x00000000dc980000,0x00000000dc980000,0x00000000de080000)
 ParOldGen       total 78848K, used 40255K [0x0000000080200000, 0x0000000084f00000, 0x00000000d5600000)
  object space 78848K, 51% used [0x0000000080200000,0x000000008294fc58,0x0000000084f00000)
 Metaspace       used 15047K, capacity 15488K, committed 15744K, reserved 1062912K
  class space    used 1711K, capacity 1802K, committed 1920K, reserved 1048576K
Event: 8.633 GC heap after
Heap after GC invocations=7 (full 1):
 PSYoungGen      total 111616K, used 23540K [0x00000000d5600000, 0x00000000dfd80000, 0x0000000100000000)
  eden space 88064K, 0% used [0x00000000d5600000,0x00000000d5600000,0x00000000dac00000)
  from space 23552K, 99% used [0x00000000dc980000,0x00000000de07d320,0x00000000de080000)
  to   space 30208K, 0% used [0x00000000dac00000,0x00000000dac00000,0x00000000dc980000)
 ParOldGen       total 78848K, used 42719K [0x0000000080200000, 0x0000000084f00000, 0x00000000d5600000)
  object space 78848K, 54% used [0x0000000080200000,0x0000000082bb7c58,0x0000000084f00000)
 Metaspace       used 15047K, capacity 15488K, committed 15744K, reserved 1062912K
  class space    used 1711K, capacity 1802K, committed 1920K, reserved 1048576K
}
Event: 10.776 GC heap before
{Heap before GC invocations=8 (full 1):
 PSYoungGen      total 111616K, used 111604K [0x00000000d5600000, 0x00000000dfd80000, 0x0000000100000000)
  eden space 88064K, 100% used [0x00000000d5600000,0x00000000dac00000,0x00000000dac00000)
  from space 23552K, 99% used [0x00000000dc980000,0x00000000de07d320,0x00000000de080000)
  to   space 30208K, 0% used [0x00000000dac00000,0x00000000dac00000,0x00000000dc980000)
 ParOldGen       total 78848K, used 42719K [0x0000000080200000, 0x0000000084f00000, 0x00000000d5600000)
  object space 78848K, 54% used [0x0000000080200000,0x0000000082bb7c58,0x0000000084f00000)
 Metaspace       used 15080K, capacity 15492K, committed 15744K, reserved 1062912K
  class space    used 1712K, capacity 1802K, committed 1920K, reserved 1048576K
Event: 10.879 GC heap after
Heap after GC invocations=8 (full 1):
 PSYoungGen      total 118272K, used 30196K [0x00000000d5600000, 0x00000000e3f80000, 0x0000000100000000)
  eden space 88064K, 0% used [0x00000000d5600000,0x00000000d5600000,0x00000000dac00000)
  from space 30208K, 99% used [0x00000000dac00000,0x00000000dc97d320,0x00000000dc980000)
  to   space 38912K, 0% used [0x00000000e1980000,0x00000000e1980000,0x00000000e3f80000)
 ParOldGen       total 78848K, used 48367K [0x0000000080200000, 0x0000000084f00000, 0x00000000d5600000)
  object space 78848K, 61% used [0x0000000080200000,0x000000008313bc58,0x0000000084f00000)
 Metaspace       used 15080K, capacity 15492K, committed 15744K, reserved 1062912K
  class space    used 1712K, capacity 1802K, committed 1920K, reserved 1048576K
}
Event: 13.055 GC heap before
{Heap before GC invocations=9 (full 1):
 PSYoungGen      total 118272K, used 118260K [0x00000000d5600000, 0x00000000e3f80000, 0x0000000100000000)
  eden space 88064K, 100% used [0x00000000d5600000,0x00000000dac00000,0x00000000dac00000)
  from space 30208K, 99% used [0x00000000dac00000,0x00000000dc97d320,0x00000000dc980000)
  to   space 38912K, 0% used [0x00000000e1980000,0x00000000e1980000,0x00000000e3f80000)
 ParOldGen       total 78848K, used 48367K [0x0000000080200000, 0x0000000084f00000, 0x00000000d5600000)
  object space 78848K, 61% used [0x0000000080200000,0x000000008313bc58,0x0000000084f00000)
 Metaspace       used 15115K, capacity 15556K, committed 15744K, reserved 1062912K
  class space    used 1712K, capacity 1802K, committed 1920K, reserved 1048576K
Event: 13.159 GC heap after
Heap after GC invocations=9 (full 1):
 PSYoungGen      total 194048K, used 36352K [0x00000000d5600000, 0x00000000e4d00000, 0x0000000100000000)
  eden space 155136K, 0% used [0x00000000d5600000,0x00000000d5600000,0x00000000ded80000)
  from space 38912K, 93% used [0x00000000e1980000,0x00000000e3d00010,0x00000000e3f80000)
  to   space 45056K, 0% used [0x00000000ded80000,0x00000000ded80000,0x00000000e1980000)
 ParOldGen       total 78848K, used 48987K [0x0000000080200000, 0x0000000084f00000, 0x00000000d5600000)
  object space 78848K, 62% used [0x0000000080200000,0x00000000831d6f68,0x0000000084f00000)
 Metaspace       used 15115K, capacity 15556K, committed 15744K, reserved 1062912K
  class space    used 1712K, capacity 1802K, committed 1920K, reserved 1048576K
}

Deoptimization events (10 events):
Event: 6.793 Thread 0x00000000028bd000 Uncommon trap: reason=unstable_if action=reinterpret pc=0x00000000032479fc method=java.lang.Long.getChars(JI[C)V @ 24
Event: 6.793 Thread 0x00000000028bd000 Uncommon trap: reason=unstable_if action=reinterpret pc=0x00000000031f0530 method=java.lang.Long.getChars(JI[C)V @ 24
Event: 10.904 Thread 0x0000000002acc000 Uncommon trap: reason=unstable_if action=reinterpret pc=0x00000000032ce998 method=com.sun.jna.Pointer.equals(Ljava/lang/Object;)Z @ 8
Event: 15.435 Thread 0x00000000028bd000 Uncommon trap: reason=unstable_if action=reinterpret pc=0x000000000323a744 method=ai.djl.mxnet.jna.JnaUtils.checkCall(I)V @ 1
Event: 15.436 Thread 0x00000000028bd000 Uncommon trap: reason=unstable_if action=reinterpret pc=0x00000000031d39f8 method=com.sun.jna.Function.invoke(Ljava/lang/reflect/Method;[Ljava/lang/Class;Ljava/lang/Class;[Ljava/lang/Object;Ljava/util/Map;)Ljava/lang/Object; @ 8
Event: 15.436 Thread 0x00000000028bd000 Uncommon trap: reason=unstable_if action=reinterpret pc=0x00000000031dab14 method=com.sun.jna.Function.invoke([Ljava/lang/Object;Ljava/lang/Class;ZI)Ljava/lang/Object; @ 194
Event: 15.436 Thread 0x00000000028bd000 Uncommon trap: reason=class_check action=maybe_recompile pc=0x0000000003241994 method=java.util.concurrent.ConcurrentHashMap.replaceNode(Ljava/lang/Object;Ljava/lang/Object;Ljava/lang/Object;)Ljava/lang/Object; @ 1
Event: 15.436 Thread 0x00000000028bd000 Uncommon trap: reason=class_check action=maybe_recompile pc=0x0000000003241994 method=java.util.concurrent.ConcurrentHashMap.replaceNode(Ljava/lang/Object;Ljava/lang/Object;Ljava/lang/Object;)Ljava/lang/Object; @ 1
Event: 15.436 Thread 0x00000000028bd000 Uncommon trap: reason=class_check action=maybe_recompile pc=0x0000000003241994 method=java.util.concurrent.ConcurrentHashMap.replaceNode(Ljava/lang/Object;Ljava/lang/Object;Ljava/lang/Object;)Ljava/lang/Object; @ 1
Event: 15.436 Thread 0x00000000028bd000 Uncommon trap: reason=class_check action=maybe_recompile pc=0x0000000003241994 method=java.util.concurrent.ConcurrentHashMap.replaceNode(Ljava/lang/Object;Ljava/lang/Object;Ljava/lang/Object;)Ljava/lang/Object; @ 1

Classes redefined (0 events):
No events

Internal exceptions (10 events):
Event: 10.996 Thread 0x0000000002acc000 Exception <a 'java/lang/ClassCastException': com.sun.jna.StringArray cannot be cast to ai.djl.mxnet.jna.PointerArray> (0x00000000d5994320) thrown at [C:\jenkins\workspace\8-2-build-windows-amd64-cygwin\jdk8u251\737\hotspot\src\share\vm\interpreter\interpr
Event: 10.996 Thread 0x0000000002acc000 Exception <a 'java/lang/ClassCastException': com.sun.jna.StringArray cannot be cast to ai.djl.mxnet.jna.PointerArray> (0x00000000d59945e0) thrown at [C:\jenkins\workspace\8-2-build-windows-amd64-cygwin\jdk8u251\737\hotspot\src\share\vm\interpreter\interpr
Event: 10.996 Thread 0x0000000002acc000 Exception <a 'java/lang/ClassCastException': com.sun.jna.StringArray cannot be cast to ai.djl.mxnet.jna.PointerArray> (0x00000000d59948a0) thrown at [C:\jenkins\workspace\8-2-build-windows-amd64-cygwin\jdk8u251\737\hotspot\src\share\vm\interpreter\interpr
Event: 10.996 Thread 0x0000000002acc000 Exception <a 'java/lang/ClassCastException': com.sun.jna.StringArray cannot be cast to ai.djl.mxnet.jna.PointerArray> (0x00000000d5994b60) thrown at [C:\jenkins\workspace\8-2-build-windows-amd64-cygwin\jdk8u251\737\hotspot\src\share\vm\interpreter\interpr
Event: 10.996 Thread 0x0000000002acc000 Exception <a 'java/lang/ClassCastException': com.sun.jna.StringArray cannot be cast to ai.djl.mxnet.jna.PointerArray> (0x00000000d5994e80) thrown at [C:\jenkins\workspace\8-2-build-windows-amd64-cygwin\jdk8u251\737\hotspot\src\share\vm\interpreter\interpr
Event: 10.996 Thread 0x0000000002acc000 Exception <a 'java/lang/ClassCastException': com.sun.jna.NativeString$StringMemory cannot be cast to ai.djl.mxnet.jna.PointerArray> (0x00000000d5995160) thrown at [C:\jenkins\workspace\8-2-build-windows-amd64-cygwin\jdk8u251\737\hotspot\src\share\vm\inter
Event: 10.996 Thread 0x0000000002acc000 Exception <a 'java/lang/ClassCastException': com.sun.jna.NativeString$StringMemory cannot be cast to ai.djl.mxnet.jna.PointerArray> (0x00000000d5995440) thrown at [C:\jenkins\workspace\8-2-build-windows-amd64-cygwin\jdk8u251\737\hotspot\src\share\vm\inter
Event: 10.996 Thread 0x0000000002acc000 Exception <a 'java/lang/ClassCastException': com.sun.jna.StringArray cannot be cast to ai.djl.mxnet.jna.PointerArray> (0x00000000d5995700) thrown at [C:\jenkins\workspace\8-2-build-windows-amd64-cygwin\jdk8u251\737\hotspot\src\share\vm\interpreter\interpr
Event: 10.996 Thread 0x0000000002acc000 Exception <a 'java/lang/ClassCastException': com.sun.jna.StringArray cannot be cast to ai.djl.mxnet.jna.PointerArray> (0x00000000d5995a20) thrown at [C:\jenkins\workspace\8-2-build-windows-amd64-cygwin\jdk8u251\737\hotspot\src\share\vm\interpreter\interpr
Event: 15.436 Thread 0x00000000028bd000 Implicit null exception at 0x00000000031d14ad to 0x00000000031d39d5

Events (10 events):
Event: 15.436 Thread 0x00000000028bd000 Uncommon trap: trap_request=0xffffffde fr.pc=0x0000000003241994
Event: 15.436 Thread 0x00000000028bd000 DEOPT PACKING pc=0x0000000003241994 sp=0x00000000027ce9c0
Event: 15.436 Thread 0x00000000028bd000 DEOPT UNPACKING pc=0x0000000002b1583b sp=0x00000000027ce948 mode 2
Event: 15.436 Thread 0x00000000028bd000 Uncommon trap: trap_request=0xffffffde fr.pc=0x0000000003241994
Event: 15.436 Thread 0x00000000028bd000 DEOPT PACKING pc=0x0000000003241994 sp=0x00000000027ce9c0
Event: 15.436 Thread 0x00000000028bd000 DEOPT UNPACKING pc=0x0000000002b1583b sp=0x00000000027ce948 mode 2
Event: 15.436 loading class ai/djl/training/Trainer
Event: 15.436 loading class ai/djl/training/Trainer done
Event: 15.436 loading class java/util/TimSort
Event: 15.437 loading class java/util/TimSort done


Dynamic libraries:
0x00007ff7230a0000 - 0x00007ff7230d7000 	C:\Program Files\Java\jdk1.8.0_251\bin\java.exe
0x00007ffb9e7a0000 - 0x00007ffb9e990000 	C:\Windows\SYSTEM32\ntdll.dll
0x00007ffb9df50000 - 0x00007ffb9e002000 	C:\Windows\System32\KERNEL32.DLL
0x00007ffb9c300000 - 0x00007ffb9c5a5000 	C:\Windows\System32\KERNELBASE.dll
0x00007ffb9e1e0000 - 0x00007ffb9e283000 	C:\Windows\System32\ADVAPI32.dll
0x00007ffb9d380000 - 0x00007ffb9d41e000 	C:\Windows\System32\msvcrt.dll
0x00007ffb9cf30000 - 0x00007ffb9cfc7000 	C:\Windows\System32\sechost.dll
0x00007ffb9e0c0000 - 0x00007ffb9e1e0000 	C:\Windows\System32\RPCRT4.dll
0x00007ffb9cd90000 - 0x00007ffb9cf24000 	C:\Windows\System32\USER32.dll
0x00007ffb9c230000 - 0x00007ffb9c251000 	C:\Windows\System32\win32u.dll
0x00007ffb9e010000 - 0x00007ffb9e036000 	C:\Windows\System32\GDI32.dll
0x00007ffb9b790000 - 0x00007ffb9b926000 	C:\Windows\System32\gdi32full.dll
0x00007ffb9c660000 - 0x00007ffb9c6fe000 	C:\Windows\System32\msvcp_win.dll
0x00007ffb9b9b0000 - 0x00007ffb9baaa000 	C:\Windows\System32\ucrtbase.dll
0x00007ffb90260000 - 0x00007ffb904e4000 	C:\Windows\WinSxS\amd64_microsoft.windows.common-controls_6595b64144ccf1df_6.0.18362.1139_none_9e7bf2d3e4605ac6\COMCTL32.dll
0x00007ffb9cfd0000 - 0x00007ffb9d305000 	C:\Windows\System32\combase.dll
0x00007ffb9c280000 - 0x00007ffb9c300000 	C:\Windows\System32\bcryptPrimitives.dll
0x00007ffb9e290000 - 0x00007ffb9e2be000 	C:\Windows\System32\IMM32.DLL
0x000000005ca50000 - 0x000000005cb22000 	C:\Program Files\Java\jdk1.8.0_251\jre\bin\msvcr100.dll
0x000000005c1a0000 - 0x000000005ca4b000 	C:\Program Files\Java\jdk1.8.0_251\jre\bin\server\jvm.dll
0x00007ffb9cd80000 - 0x00007ffb9cd88000 	C:\Windows\System32\PSAPI.DLL
0x00007ffb9b230000 - 0x00007ffb9b23a000 	C:\Windows\SYSTEM32\VERSION.dll
0x00007ffb98300000 - 0x00007ffb98324000 	C:\Windows\SYSTEM32\WINMM.dll
0x00007ffb93bf0000 - 0x00007ffb93bf9000 	C:\Windows\SYSTEM32\WSOCK32.dll
0x00007ffb9d310000 - 0x00007ffb9d37f000 	C:\Windows\System32\WS2_32.dll
0x00007ffb98280000 - 0x00007ffb982ad000 	C:\Windows\SYSTEM32\winmmbase.dll
0x00007ffb9b960000 - 0x00007ffb9b9aa000 	C:\Windows\System32\cfgmgr32.dll
0x00007ffb90a00000 - 0x00007ffb90a0f000 	C:\Program Files\Java\jdk1.8.0_251\jre\bin\verify.dll
0x00007ffb8c250000 - 0x00007ffb8c279000 	C:\Program Files\Java\jdk1.8.0_251\jre\bin\java.dll
0x00007ffb8c080000 - 0x00007ffb8c0a3000 	C:\Program Files\Java\jdk1.8.0_251\jre\bin\instrument.dll
0x00007ffb909e0000 - 0x00007ffb909f6000 	C:\Program Files\Java\jdk1.8.0_251\jre\bin\zip.dll
0x00007ffb9d510000 - 0x00007ffb9dbf7000 	C:\Windows\System32\SHELL32.dll
0x00007ffb9dc00000 - 0x00007ffb9dca9000 	C:\Windows\System32\shcore.dll
0x00007ffb9bab0000 - 0x00007ffb9c230000 	C:\Windows\System32\windows.storage.dll
0x00007ffb9b690000 - 0x00007ffb9b6b3000 	C:\Windows\System32\profapi.dll
0x00007ffb9b6e0000 - 0x00007ffb9b72a000 	C:\Windows\System32\powrprof.dll
0x00007ffb9b660000 - 0x00007ffb9b670000 	C:\Windows\System32\UMPDC.dll
0x00007ffb9cd20000 - 0x00007ffb9cd72000 	C:\Windows\System32\shlwapi.dll
0x00007ffb9b6c0000 - 0x00007ffb9b6d1000 	C:\Windows\System32\kernel.appcore.dll
0x00007ffb9c260000 - 0x00007ffb9c277000 	C:\Windows\System32\cryptsp.dll
0x00007ffb8c230000 - 0x00007ffb8c24a000 	D:\JetBrains\IntelliJ IDEA 2020.1.2\bin\breakgen64.dll
0x00007ffb8c060000 - 0x00007ffb8c07a000 	C:\Program Files\Java\jdk1.8.0_251\jre\bin\net.dll
0x00007ffb9add0000 - 0x00007ffb9ae37000 	C:\Windows\system32\mswsock.dll
0x00007ffb9a940000 - 0x00007ffb9a973000 	C:\Windows\system32\rsaenh.dll
0x00007ffb9b930000 - 0x00007ffb9b956000 	C:\Windows\System32\bcrypt.dll
0x00007ffb9b540000 - 0x00007ffb9b565000 	C:\Windows\SYSTEM32\USERENV.dll
0x00007ffb9afa0000 - 0x00007ffb9afac000 	C:\Windows\SYSTEM32\CRYPTBASE.dll
0x00007ffb9aae0000 - 0x00007ffb9ab1a000 	C:\Windows\SYSTEM32\IPHLPAPI.DLL
0x00007ffb9dcb0000 - 0x00007ffb9dcb8000 	C:\Windows\System32\NSI.dll
0x00007ffb95b60000 - 0x00007ffb95b76000 	C:\Windows\SYSTEM32\dhcpcsvc6.DLL
0x00007ffb94aa0000 - 0x00007ffb94abc000 	C:\Windows\SYSTEM32\dhcpcsvc.DLL
0x00007ffb9ab20000 - 0x00007ffb9abeb000 	C:\Windows\SYSTEM32\DNSAPI.dll
0x00007ffb8b510000 - 0x00007ffb8b522000 	C:\Program Files\Java\jdk1.8.0_251\jre\bin\nio.dll
0x00007ffb8a6e0000 - 0x00007ffb8a722000 	C:\Users\Administrator\AppData\Local\Temp\jna-146731693\jna4424904624486471046.dll
0x00007ffb6efa0000 - 0x00007ffb729e4000 	C:\Users\Administrator\.djl.ai\mxnet\1.6.0-b-20200115win-x86_64\mxnet.dll
0x000000006d7c0000 - 0x000000006fc95000 	C:\Users\Administrator\.djl.ai\mxnet\1.6.0-b-20200115win-x86_64\libopenblas.dll
0x00007ffb8ab40000 - 0x00007ffb8ab6d000 	C:\Windows\SYSTEM32\VCOMP140.DLL
0x00007ffb6e620000 - 0x00007ffb6efa0000 	C:\Users\Administrator\.djl.ai\mxnet\1.6.0-b-20200115win-x86_64\mkldnn.dll
0x0000000061440000 - 0x000000006145c000 	C:\Users\Administrator\.djl.ai\mxnet\1.6.0-b-20200115win-x86_64\libgcc_s_seh-1.dll
0x00007ffb72d10000 - 0x00007ffb72da1000 	C:\Windows\SYSTEM32\MSVCP140.dll
0x00007ffb83fa0000 - 0x00007ffb83fb9000 	C:\Windows\SYSTEM32\VCRUNTIME140.dll
0x00007ffb8bc30000 - 0x00007ffb8bc3c000 	C:\Windows\SYSTEM32\VCRUNTIME140_1.dll
0x000000001c0a0000 - 0x000000001c1e1000 	C:\Users\Administrator\.djl.ai\mxnet\1.6.0-b-20200115win-x86_64\libgfortran-3.dll
0x000000006cf00000 - 0x000000006cf58000 	C:\Users\Administrator\.djl.ai\mxnet\1.6.0-b-20200115win-x86_64\libquadmath-0.dll
0x00007ffb8a320000 - 0x00007ffb8a344000 	C:\Program Files\Java\jdk1.8.0_251\jre\bin\sunec.dll
0x00007ffb8b610000 - 0x00007ffb8b61c000 	C:\Program Files\Java\jdk1.8.0_251\jre\bin\sunmscapi.dll
0x00007ffb9c700000 - 0x00007ffb9c849000 	C:\Windows\System32\CRYPT32.dll
0x00007ffb9b670000 - 0x00007ffb9b682000 	C:\Windows\System32\MSASN1.dll
0x00007ffb9b100000 - 0x00007ffb9b126000 	C:\Windows\SYSTEM32\ncrypt.dll
0x00007ffb9b060000 - 0x00007ffb9b09b000 	C:\Windows\SYSTEM32\NTASN1.dll
0x00007ffb93250000 - 0x00007ffb9325a000 	C:\Windows\System32\rasadhlp.dll
0x00007ffb94730000 - 0x00007ffb947a7000 	C:\Windows\System32\fwpuclnt.dll

VM Arguments:
jvm_args: -javaagent:D:\JetBrains\IntelliJ IDEA 2020.1.2\lib\idea_rt.jar=49877:D:\JetBrains\IntelliJ IDEA 2020.1.2\bin -Dfile.encoding=UTF-8 
java_command: com.fastdjl.common.MultilayerImpl
java_class_path (initial): C:\Program Files\Java\jdk1.8.0_251\jre\lib\charsets.jar;C:\Program Files\Java\jdk1.8.0_251\jre\lib\deploy.jar;C:\Program Files\Java\jdk1.8.0_251\jre\lib\ext\access-bridge-64.jar;C:\Program Files\Java\jdk1.8.0_251\jre\lib\ext\cldrdata.jar;C:\Program Files\Java\jdk1.8.0_251\jre\lib\ext\dnsns.jar;C:\Program Files\Java\jdk1.8.0_251\jre\lib\ext\jaccess.jar;C:\Program Files\Java\jdk1.8.0_251\jre\lib\ext\jfxrt.jar;C:\Program Files\Java\jdk1.8.0_251\jre\lib\ext\localedata.jar;C:\Program Files\Java\jdk1.8.0_251\jre\lib\ext\nashorn.jar;C:\Program Files\Java\jdk1.8.0_251\jre\lib\ext\sunec.jar;C:\Program Files\Java\jdk1.8.0_251\jre\lib\ext\sunjce_provider.jar;C:\Program Files\Java\jdk1.8.0_251\jre\lib\ext\sunmscapi.jar;C:\Program Files\Java\jdk1.8.0_251\jre\lib\ext\sunpkcs11.jar;C:\Program Files\Java\jdk1.8.0_251\jre\lib\ext\zipfs.jar;C:\Program Files\Java\jdk1.8.0_251\jre\lib\javaws.jar;C:\Program Files\Java\jdk1.8.0_251\jre\lib\jce.jar;C:\Program Files\Java\jdk1.8.0_251\jre\lib\jfr.jar;C:\Program Files\Java\jdk1.8.0_251\jre\lib\jfxswt.jar;C:\Program Files\Java\jdk1.8.0_251\jre\lib\jsse.jar;C:\Program Files\Java\jdk1.8.0_251\jre\lib\management-agent.jar;C:\Program Files\Java\jdk1.8.0_251\jre\lib\plugin.jar;C:\Program Files\Java\jdk1.8.0_251\jre\lib\resources.jar;C:\Program Files\Java\jdk1.8.0_251\jre\lib\rt.jar;D:\fastDJL\target\classes;D:\apache-maven-3.6.3\PublicRepo\org\springframework\boot\spring-boot-starter-web\2.2.1.RELEASE\spring-boot-starter-web-2.2.1.RELEASE.jar;D:\apache-maven-3.6.3\PublicRepo\org\springframework\boot\spring-boot-starter\2.2.1.RELEASE\spring-boot-starter-2.2.1.RELEASE.jar;D:\apache-maven-3.6.3\PublicRepo\org\springframework\boot\spring-boot\2.2.1.RELEASE\spring-boot-2.2.1.RELEASE.jar;D:\apache-maven-3.6.3\PublicRepo\org\springframework\boot\spring-boot-autoconfigure\2.2.1.RELEASE\spring-boot-autoconfigure-2.2.1.RELEASE.jar;D:\apache-maven-3.6.3\PublicRepo\org\springframework\boot\spring-boot-starter-logging\2.2.1.RELEASE
Launcher Type: SUN_STANDARD

Environment Variables:
JAVA_HOME=C:\Program Files\Java\jdk-14.0.1
PATH=C:\Program Files (x86)\Common Files\Oracle\Java\javapath;D:\Xshell6\;C:\Windows\system32;C:\Windows;C:\Windows\System32\Wbem;C:\Windows\System32\WindowsPowerShell\v1.0\;C:\Windows\System32\OpenSSH\;D:\mysql-5.7.30-winx64\bin;C:\Program Files\Java\jdk-14.0.1\bin;C:\Program Files\Java\jdk-14.0.1\jre\bin;C:\Program Files\Microsoft SQL Server\130\Tools\Binn\;C:\Program Files\Git\cmd;D:\Python\Python38-32\Scripts\;D:\Python\Python38-32\;C:\Users\Administrator\AppData\Local\Microsoft\WindowsApps;
USERNAME=Administrator
OS=Windows_NT
PROCESSOR_IDENTIFIER=Intel64 Family 6 Model 26 Stepping 5, GenuineIntel



---------------  S Y S T E M  ---------------

OS: Windows 10.0 , 64 bit Build 18362 (10.0.18362.1110)

CPU:total 8 (initial active 8) (4 cores per cpu, 2 threads per core) family 6 model 26 stepping 5, cmov, cx8, fxsr, mmx, sse, sse2, sse3, ssse3, sse4.1, sse4.2, popcnt, ht, tsc, tscinvbit, tscinv

Memory: 4k page, physical 8379632k(3475544k free), swap 13245884k(4364k free)

vm_info: Java HotSpot(TM) 64-Bit Server VM (25.251-b08) for windows-amd64 JRE (1.8.0_251-b08), built on Mar 12 2020 06:31:49 by "" with MS VC++ 10.0 (VS2010)

time: Sun Nov 01 11:24:02 2020
timezone: 中国标准时间
elapsed time: 15 seconds (0d 0h 0m 15s)

